0 info it worked if it ends with ok
1 verbose cli [ '/home/makevoid/.nvm/versions/node/v5.9.1/bin/node',
1 verbose cli   '/home/makevoid/.nvm/versions/node/v5.9.1/bin/npm',
1 verbose cli   'start' ]
2 info using npm@3.7.3
3 info using node@v5.9.1
4 verbose run-script [ 'prestart', 'start', 'poststart' ]
5 info lifecycle try-bitcore-p2p@~prestart: try-bitcore-p2p@
6 silly lifecycle try-bitcore-p2p@~prestart: no script for prestart, continuing
7 info lifecycle try-bitcore-p2p@~start: try-bitcore-p2p@
8 verbose lifecycle try-bitcore-p2p@~start: unsafe-perm in lifecycle true
9 verbose lifecycle try-bitcore-p2p@~start: PATH: /home/makevoid/.nvm/versions/node/v5.9.1/lib/node_modules/npm/bin/node-gyp-bin:/home/makevoid/apps/try_bitcore_p2p/node_modules/.bin:/home/makevoid/.nvm/versions/node/v5.9.1/bin:/home/makevoid/.nvm/versions/node/v5.9.1/bin:/home/makevoid/goapps/bin:/home/makevoid/apps/bitstamp_cli:/home/makevoid/goapps/bin:/home/makevoid/apps/bitstamp_cli:/home/makevoid/.cargo/bin:/usr/local/sbin:/usr/local/bin:/usr/sbin:/usr/bin:/sbin:/bin:/usr/games:/usr/local/games:/snap/bin:/home/makevoid/.rvm/bin:/usr/local/go/bin:/home/makevoid/.rvm/bin:/usr/local/go/bin:/home/makevoid/.rvm/bin
10 verbose lifecycle try-bitcore-p2p@~start: CWD: /home/makevoid/apps/try_bitcore_p2p
11 silly lifecycle try-bitcore-p2p@~start: Args: [ '-c', 'node dist/index.js' ]
12 silly lifecycle try-bitcore-p2p@~start: Returned: code: 1  signal: null
13 info lifecycle try-bitcore-p2p@~start: Failed to exec start script
14 verbose stack Error: try-bitcore-p2p@ start: `node dist/index.js`
14 verbose stack Exit status 1
14 verbose stack     at EventEmitter.<anonymous> (/home/makevoid/.nvm/versions/node/v5.9.1/lib/node_modules/npm/lib/utils/lifecycle.js:239:16)
14 verbose stack     at emitTwo (events.js:100:13)
14 verbose stack     at EventEmitter.emit (events.js:185:7)
14 verbose stack     at ChildProcess.<anonymous> (/home/makevoid/.nvm/versions/node/v5.9.1/lib/node_modules/npm/lib/utils/spawn.js:24:14)
14 verbose stack     at emitTwo (events.js:100:13)
14 verbose stack     at ChildProcess.emit (events.js:185:7)
14 verbose stack     at maybeClose (internal/child_process.js:850:16)
14 verbose stack     at Process.ChildProcess._handle.onexit (internal/child_process.js:215:5)
15 verbose pkgid try-bitcore-p2p@
16 verbose cwd /home/makevoid/apps/try_bitcore_p2p
17 error Linux 4.4.0-28-generic
18 error argv "/home/makevoid/.nvm/versions/node/v5.9.1/bin/node" "/home/makevoid/.nvm/versions/node/v5.9.1/bin/npm" "start"
19 error node v5.9.1
20 error npm  v3.7.3
21 error code ELIFECYCLE
22 error try-bitcore-p2p@ start: `node dist/index.js`
22 error Exit status 1
23 error Failed at the try-bitcore-p2p@ start script 'node dist/index.js'.
23 error Make sure you have the latest version of node.js and npm installed.
23 error If you do, this is most likely a problem with the try-bitcore-p2p package,
23 error not with npm itself.
23 error Tell the author that this fails on your system:
23 error     node dist/index.js
23 error You can get information on how to open an issue for this project with:
23 error     npm bugs try-bitcore-p2p
23 error Or if that isn't available, you can get their info via:
23 error     npm owner ls try-bitcore-p2p
23 error There is likely additional logging output above.
24 verbose exit [ 1, true ]
